time=2026-03-08T22:29:51.310-04:00 level=INFO msg="Daemon started (interval: %v, auto-commit: %v, auto-push: %v)" !BADKEY=5s !BADKEY=false !BADKEY=false
time=2026-03-08T22:29:51.310-04:00 level=INFO msg="using database" path=/Users/max/Code/Ponderer/.beads/beads.db
time=2026-03-08T22:29:51.351-04:00 level=INFO msg="database opened" path=/Users/max/Code/Ponderer/.beads/beads.db backend=sqlite freshness_checking=true
time=2026-03-08T22:29:51.351-04:00 level=INFO msg="upgrading .beads/.gitignore"
time=2026-03-08T22:29:51.351-04:00 level=WARN msg="failed to upgrade .gitignore" error="open .beads/.gitignore: no such file or directory"
time=2026-03-08T22:29:51.357-04:00 level=INFO msg="Repository fingerprint validated: %s" !BADKEY=f5939c76
time=2026-03-08T22:29:51.358-04:00 level=INFO msg="starting RPC server" socket=/Users/max/Code/Ponderer/.beads/bd.sock
time=2026-03-08T22:29:51.358-04:00 level=INFO msg="RPC server ready (socket listening)"
time=2026-03-08T22:29:51.366-04:00 level=INFO msg="registered in global registry"
time=2026-03-08T22:29:51.366-04:00 level=INFO msg="Starting %s..." !BADKEY="sync cycle"
time=2026-03-08T22:29:51.380-04:00 level=INFO msg="Exported to JSONL"
time=2026-03-08T22:29:51.969-04:00 level=INFO msg="Pulled from remote"
time=2026-03-08T22:29:51.995-04:00 level=INFO msg="Imported from JSONL"
time=2026-03-08T22:29:52.016-04:00 level=INFO msg="Sync cycle complete"
time=2026-03-08T22:29:52.016-04:00 level=INFO msg="monitoring parent process" pid=0
time=2026-03-08T22:29:52.016-04:00 level=INFO msg="using event-driven mode"
time=2026-03-08T22:29:52.017-04:00 level=INFO msg="Auto-pull disabled: use 'git pull' manually to sync remote changes"
time=2026-03-08T22:29:53.940-04:00 level=INFO msg="File change detected: %s" !BADKEY=/Users/max/Code/Ponderer/.beads/issues.jsonl
time=2026-03-08T22:29:54.943-04:00 level=INFO msg="Import triggered by file change"
time=2026-03-08T22:29:54.944-04:00 level=INFO msg="Starting %s..." !BADKEY=auto-import
time=2026-03-08T22:29:54.944-04:00 level=INFO msg="Skipping %s: JSONL content unchanged" !BADKEY=auto-import
time=2026-03-08T22:30:05.063-04:00 level=INFO msg="File change detected: %s" !BADKEY=/Users/max/Code/Ponderer/.beads/issues.jsonl
time=2026-03-08T22:30:06.079-04:00 level=INFO msg="Import triggered by file change"
time=2026-03-08T22:30:06.079-04:00 level=INFO msg="Starting %s..." !BADKEY=auto-import
time=2026-03-08T22:30:06.080-04:00 level=INFO msg="Skipping %s: JSONL content unchanged" !BADKEY=auto-import
time=2026-03-08T22:30:41.300-04:00 level=INFO msg="File change detected: %s" !BADKEY=/Users/max/Code/Ponderer/.beads/issues.jsonl
time=2026-03-08T22:30:42.302-04:00 level=INFO msg="Import triggered by file change"
time=2026-03-08T22:30:42.303-04:00 level=INFO msg="Starting %s..." !BADKEY=auto-import
time=2026-03-08T22:30:42.304-04:00 level=INFO msg="Skipping %s: JSONL content unchanged" !BADKEY=auto-import
time=2026-03-08T22:31:44.286-04:00 level=INFO msg="File change detected: %s" !BADKEY=/Users/max/Code/Ponderer/.beads/issues.jsonl
time=2026-03-08T22:31:45.288-04:00 level=INFO msg="Import triggered by file change"
time=2026-03-08T22:31:45.291-04:00 level=INFO msg="Starting %s..." !BADKEY=auto-import
time=2026-03-08T22:31:45.292-04:00 level=INFO msg="Skipping %s: JSONL content unchanged" !BADKEY=auto-import
time=2026-03-08T22:35:06.991-04:00 level=INFO msg="File change detected: %s" !BADKEY=/Users/max/Code/Ponderer/.beads/issues.jsonl
time=2026-03-08T22:35:07.995-04:00 level=INFO msg="Import triggered by file change"
time=2026-03-08T22:35:07.996-04:00 level=INFO msg="Starting %s..." !BADKEY=auto-import
time=2026-03-08T22:35:07.997-04:00 level=INFO msg="Skipping %s: JSONL content unchanged" !BADKEY=auto-import
time=2026-03-08T22:35:11.661-04:00 level=INFO msg="File change detected: %s" !BADKEY=/Users/max/Code/Ponderer/.beads/issues.jsonl
time=2026-03-08T22:35:12.664-04:00 level=INFO msg="Import triggered by file change"
time=2026-03-08T22:35:12.666-04:00 level=INFO msg="Starting %s..." !BADKEY=auto-import
time=2026-03-08T22:35:12.667-04:00 level=INFO msg="Skipping %s: JSONL content unchanged" !BADKEY=auto-import
time=2026-03-08T22:35:38.750-04:00 level=INFO msg="File change detected: %s" !BADKEY=/Users/max/Code/Ponderer/.beads/issues.jsonl
time=2026-03-08T22:35:39.753-04:00 level=INFO msg="Import triggered by file change"
time=2026-03-08T22:35:39.756-04:00 level=INFO msg="Starting %s..." !BADKEY=auto-import
time=2026-03-08T22:35:39.757-04:00 level=INFO msg="Skipping %s: JSONL content unchanged" !BADKEY=auto-import
time=2026-03-08T22:38:16.341-04:00 level=INFO msg="File change detected: %s" !BADKEY=/Users/max/Code/Ponderer/.beads/issues.jsonl
time=2026-03-08T22:38:17.349-04:00 level=INFO msg="Import triggered by file change"
time=2026-03-08T22:38:17.350-04:00 level=INFO msg="Starting %s..." !BADKEY=auto-import
time=2026-03-08T22:38:17.351-04:00 level=INFO msg="Skipping %s: JSONL content unchanged" !BADKEY=auto-import
time=2026-03-08T22:38:22.507-04:00 level=INFO msg="File change detected: %s" !BADKEY=/Users/max/Code/Ponderer/.beads/issues.jsonl
time=2026-03-08T22:38:23.785-04:00 level=INFO msg="Import triggered by file change"
time=2026-03-08T22:38:23.785-04:00 level=INFO msg="Starting %s..." !BADKEY=auto-import
time=2026-03-08T22:38:23.786-04:00 level=INFO msg="Skipping %s: JSONL content unchanged" !BADKEY=auto-import
time=2026-03-08T22:38:27.168-04:00 level=INFO msg="JSONL removed/renamed, re-establishing watch"
time=2026-03-08T22:38:27.219-04:00 level=INFO msg="Successfully re-established JSONL watch after %v" !BADKEY=50ms
time=2026-03-08T22:38:27.219-04:00 level=INFO msg="JSONL file created: %s" !BADKEY=/Users/max/Code/Ponderer/.beads/issues.jsonl
time=2026-03-08T22:38:27.639-04:00 level=INFO msg="File change detected: %s" !BADKEY=/Users/max/Code/Ponderer/.beads/issues.jsonl
time=2026-03-08T22:38:28.642-04:00 level=INFO msg="Import triggered by file change"
time=2026-03-08T22:38:28.650-04:00 level=INFO msg="Starting %s..." !BADKEY=auto-import
time=2026-03-08T22:38:28.651-04:00 level=INFO msg="Skipping %s: JSONL content unchanged" !BADKEY=auto-import
time=2026-03-08T22:38:29.196-04:00 level=INFO msg="File change detected: %s" !BADKEY=/Users/max/Code/Ponderer/.beads/issues.jsonl
time=2026-03-08T22:38:30.198-04:00 level=INFO msg="Import triggered by file change"
time=2026-03-08T22:38:30.201-04:00 level=INFO msg="Starting %s..." !BADKEY=auto-import
time=2026-03-08T22:38:30.201-04:00 level=INFO msg="Skipping %s: JSONL content unchanged" !BADKEY=auto-import
time=2026-03-08T22:39:27.794-04:00 level=INFO msg="JSONL removed/renamed, re-establishing watch"
time=2026-03-08T22:39:27.845-04:00 level=INFO msg="Successfully re-established JSONL watch after %v" !BADKEY=50ms
time=2026-03-08T22:39:27.845-04:00 level=INFO msg="JSONL file created: %s" !BADKEY=/Users/max/Code/Ponderer/.beads/issues.jsonl
time=2026-03-08T22:39:27.907-04:00 level=INFO msg="File change detected: %s" !BADKEY=/Users/max/Code/Ponderer/.beads/issues.jsonl
time=2026-03-08T22:39:28.909-04:00 level=INFO msg="Import triggered by file change"
time=2026-03-08T22:39:28.919-04:00 level=INFO msg="Starting %s..." !BADKEY=auto-import
time=2026-03-08T22:39:28.920-04:00 level=INFO msg="Skipping %s: JSONL content unchanged" !BADKEY=auto-import
time=2026-03-08T22:39:29.858-04:00 level=INFO msg="File change detected: %s" !BADKEY=/Users/max/Code/Ponderer/.beads/issues.jsonl
time=2026-03-08T22:39:30.861-04:00 level=INFO msg="Import triggered by file change"
time=2026-03-08T22:39:30.863-04:00 level=INFO msg="Starting %s..." !BADKEY=auto-import
time=2026-03-08T22:39:30.864-04:00 level=INFO msg="Skipping %s: JSONL content unchanged" !BADKEY=auto-import
time=2026-03-08T22:41:02.927-04:00 level=INFO msg="File change detected: %s" !BADKEY=/Users/max/Code/Ponderer/.beads/issues.jsonl
time=2026-03-08T22:41:04.005-04:00 level=INFO msg="Import triggered by file change"
time=2026-03-08T22:41:04.008-04:00 level=INFO msg="Starting %s..." !BADKEY=auto-import
time=2026-03-08T22:41:04.010-04:00 level=INFO msg="Skipping %s: JSONL content unchanged" !BADKEY=auto-import
